<?xml version="1.0" encoding="UTF-8"?>
<testsuite name="com.quasar.book.springboot.web.PostsApiControllerTest" tests="2" skipped="0" failures="0" errors="0" timestamp="2021-07-14T06:24:48" hostname="LAPTOP-47SLC4J9" time="0.723">
  <properties/>
  <testcase name="Posts_등록된다" classname="com.quasar.book.springboot.web.PostsApiControllerTest" time="0.677"/>
  <testcase name="Posts_수정된다" classname="com.quasar.book.springboot.web.PostsApiControllerTest" time="0.045"/>
  <system-out><![CDATA[15:24:39.607 [Test worker] DEBUG org.springframework.test.context.junit4.SpringJUnit4ClassRunner - SpringJUnit4ClassRunner constructor called with [class com.quasar.book.springboot.web.PostsApiControllerTest]
15:24:39.618 [Test worker] DEBUG org.springframework.test.context.BootstrapUtils - Instantiating CacheAwareContextLoaderDelegate from class [org.springframework.test.context.cache.DefaultCacheAwareContextLoaderDelegate]
15:24:39.626 [Test worker] DEBUG org.springframework.test.context.BootstrapUtils - Instantiating BootstrapContext using constructor [public org.springframework.test.context.support.DefaultBootstrapContext(java.lang.Class,org.springframework.test.context.CacheAwareContextLoaderDelegate)]
15:24:39.640 [Test worker] DEBUG org.springframework.test.context.BootstrapUtils - Instantiating TestContextBootstrapper for test class [com.quasar.book.springboot.web.PostsApiControllerTest] from class [org.springframework.boot.test.context.SpringBootTestContextBootstrapper]
15:24:39.648 [Test worker] INFO org.springframework.boot.test.context.SpringBootTestContextBootstrapper - Neither @ContextConfiguration nor @ContextHierarchy found for test class [com.quasar.book.springboot.web.PostsApiControllerTest], using SpringBootContextLoader
15:24:39.651 [Test worker] DEBUG org.springframework.test.context.support.AbstractContextLoader - Did not detect default resource location for test class [com.quasar.book.springboot.web.PostsApiControllerTest]: class path resource [com/quasar/book/springboot/web/PostsApiControllerTest-context.xml] does not exist
15:24:39.651 [Test worker] DEBUG org.springframework.test.context.support.AbstractContextLoader - Did not detect default resource location for test class [com.quasar.book.springboot.web.PostsApiControllerTest]: class path resource [com/quasar/book/springboot/web/PostsApiControllerTestContext.groovy] does not exist
15:24:39.651 [Test worker] INFO org.springframework.test.context.support.AbstractContextLoader - Could not detect default resource locations for test class [com.quasar.book.springboot.web.PostsApiControllerTest]: no resource found for suffixes {-context.xml, Context.groovy}.
15:24:39.652 [Test worker] INFO org.springframework.test.context.support.AnnotationConfigContextLoaderUtils - Could not detect default configuration classes for test class [com.quasar.book.springboot.web.PostsApiControllerTest]: PostsApiControllerTest does not declare any static, non-private, non-final, nested classes annotated with @Configuration.
15:24:39.703 [Test worker] DEBUG org.springframework.test.context.support.ActiveProfilesUtils - Could not find an 'annotation declaring class' for annotation type [org.springframework.test.context.ActiveProfiles] and class [com.quasar.book.springboot.web.PostsApiControllerTest]
15:24:39.820 [Test worker] DEBUG org.springframework.context.annotation.ClassPathScanningCandidateComponentProvider - Identified candidate component class: file [C:\Users\junse\Desktop\스프링부트\springboot-web\build\classes\java\main\com\quasar\book\springboot\Application.class]
15:24:39.822 [Test worker] INFO org.springframework.boot.test.context.SpringBootTestContextBootstrapper - Found @SpringBootConfiguration com.quasar.book.springboot.Application for test class com.quasar.book.springboot.web.PostsApiControllerTest
15:24:39.933 [Test worker] DEBUG org.springframework.boot.test.context.SpringBootTestContextBootstrapper - @TestExecutionListeners is not present for class [com.quasar.book.springboot.web.PostsApiControllerTest]: using defaults.
15:24:39.934 [Test worker] INFO org.springframework.boot.test.context.SpringBootTestContextBootstrapper - Loaded default TestExecutionListener class names from location [META-INF/spring.factories]: [org.springframework.security.test.context.support.WithSecurityContextTestExecutionListener, org.springframework.security.test.context.support.ReactorContextTestExecutionListener, org.springframework.boot.test.autoconfigure.restdocs.RestDocsTestExecutionListener, org.springframework.boot.test.autoconfigure.web.client.MockRestServiceServerResetTestExecutionListener, org.springframework.boot.test.autoconfigure.web.servlet.MockMvcPrintOnlyOnFailureTestExecutionListener, org.springframework.boot.test.autoconfigure.web.servlet.WebDriverTestExecutionListener, org.springframework.boot.test.mock.mockito.MockitoTestExecutionListener, org.springframework.boot.test.mock.mockito.ResetMocksTestExecutionListener, org.springframework.test.context.web.ServletTestExecutionListener, org.springframework.test.context.support.DirtiesContextBeforeModesTestExecutionListener, org.springframework.test.context.support.DependencyInjectionTestExecutionListener, org.springframework.test.context.support.DirtiesContextTestExecutionListener, org.springframework.test.context.transaction.TransactionalTestExecutionListener, org.springframework.test.context.jdbc.SqlScriptsTestExecutionListener]
15:24:39.956 [Test worker] INFO org.springframework.boot.test.context.SpringBootTestContextBootstrapper - Using TestExecutionListeners: [org.springframework.test.context.web.ServletTestExecutionListener@2b48e258, org.springframework.test.context.support.DirtiesContextBeforeModesTestExecutionListener@6d3c7bee, org.springframework.boot.test.mock.mockito.MockitoTestExecutionListener@25044b49, org.springframework.boot.test.autoconfigure.SpringBootDependencyInjectionTestExecutionListener@698e98f2, org.springframework.test.context.support.DirtiesContextTestExecutionListener@538edb9, org.springframework.test.context.transaction.TransactionalTestExecutionListener@b5515fb, org.springframework.test.context.jdbc.SqlScriptsTestExecutionListener@c8c49db, org.springframework.security.test.context.support.WithSecurityContextTestExecutionListener@11d819b0, org.springframework.security.test.context.support.ReactorContextTestExecutionListener@53cf7b17, org.springframework.boot.test.autoconfigure.restdocs.RestDocsTestExecutionListener@70965658, org.springframework.boot.test.autoconfigure.web.client.MockRestServiceServerResetTestExecutionListener@1eba0b00, org.springframework.boot.test.autoconfigure.web.servlet.MockMvcPrintOnlyOnFailureTestExecutionListener@4ffe94fe, org.springframework.boot.test.autoconfigure.web.servlet.WebDriverTestExecutionListener@674159d5, org.springframework.boot.test.mock.mockito.ResetMocksTestExecutionListener@25a7e7f3]
15:24:39.960 [Test worker] DEBUG org.springframework.test.annotation.ProfileValueUtils - Retrieved @ProfileValueSourceConfiguration [null] for test class [com.quasar.book.springboot.web.PostsApiControllerTest]
15:24:39.961 [Test worker] DEBUG org.springframework.test.annotation.ProfileValueUtils - Retrieved ProfileValueSource type [class org.springframework.test.annotation.SystemProfileValueSource] for class [com.quasar.book.springboot.web.PostsApiControllerTest]
15:24:39.964 [Test worker] DEBUG org.springframework.test.annotation.ProfileValueUtils - Retrieved @ProfileValueSourceConfiguration [null] for test class [com.quasar.book.springboot.web.PostsApiControllerTest]
15:24:39.964 [Test worker] DEBUG org.springframework.test.annotation.ProfileValueUtils - Retrieved ProfileValueSource type [class org.springframework.test.annotation.SystemProfileValueSource] for class [com.quasar.book.springboot.web.PostsApiControllerTest]
15:24:39.965 [Test worker] DEBUG org.springframework.test.annotation.ProfileValueUtils - Retrieved @ProfileValueSourceConfiguration [null] for test class [com.quasar.book.springboot.web.PostsApiControllerTest]
15:24:39.965 [Test worker] DEBUG org.springframework.test.annotation.ProfileValueUtils - Retrieved ProfileValueSource type [class org.springframework.test.annotation.SystemProfileValueSource] for class [com.quasar.book.springboot.web.PostsApiControllerTest]
15:24:39.970 [Test worker] DEBUG org.springframework.test.context.support.AbstractDirtiesContextTestExecutionListener - Before test class: context [DefaultTestContext@2fd26a7d testClass = PostsApiControllerTest, testInstance = [null], testMethod = [null], testException = [null], mergedContextConfiguration = [WebMergedContextConfiguration@5baf41f5 testClass = PostsApiControllerTest, locations = '{}', classes = '{class com.quasar.book.springboot.Application}', contextInitializerClasses = '[]', activeProfiles = '{}', propertySourceLocations = '{}', propertySourceProperties = '{org.springframework.boot.test.context.SpringBootTestContextBootstrapper=true, server.port=0}', contextCustomizers = set[org.springframework.boot.test.autoconfigure.properties.PropertyMappingContextCustomizer@0, org.springframework.boot.test.autoconfigure.web.servlet.WebDriverContextCustomizerFactory$Customizer@31dab388, org.springframework.boot.test.context.filter.ExcludeFilterContextCustomizer@7c6b7373, org.springframework.boot.test.json.DuplicateJsonObjectContextCustomizerFactory$DuplicateJsonObjectContextCustomizer@547dce59, org.springframework.boot.test.mock.mockito.MockitoContextCustomizer@0, org.springframework.boot.test.web.client.TestRestTemplateContextCustomizer@3508ce8e], resourceBasePath = 'src/main/webapp', contextLoader = 'org.springframework.boot.test.context.SpringBootContextLoader', parent = [null]], attributes = map['org.springframework.test.context.web.ServletTestExecutionListener.activateListener' -> false]], class annotated with @DirtiesContext [false] with mode [null].
15:24:39.970 [Test worker] DEBUG org.springframework.test.annotation.ProfileValueUtils - Retrieved @ProfileValueSourceConfiguration [null] for test class [com.quasar.book.springboot.web.PostsApiControllerTest]
15:24:39.971 [Test worker] DEBUG org.springframework.test.annotation.ProfileValueUtils - Retrieved ProfileValueSource type [class org.springframework.test.annotation.SystemProfileValueSource] for class [com.quasar.book.springboot.web.PostsApiControllerTest]
15:24:39.976 [Test worker] DEBUG org.springframework.test.context.support.DependencyInjectionTestExecutionListener - Performing dependency injection for test context [[DefaultTestContext@2fd26a7d testClass = PostsApiControllerTest, testInstance = com.quasar.book.springboot.web.PostsApiControllerTest@253041e8, testMethod = [null], testException = [null], mergedContextConfiguration = [WebMergedContextConfiguration@5baf41f5 testClass = PostsApiControllerTest, locations = '{}', classes = '{class com.quasar.book.springboot.Application}', contextInitializerClasses = '[]', activeProfiles = '{}', propertySourceLocations = '{}', propertySourceProperties = '{org.springframework.boot.test.context.SpringBootTestContextBootstrapper=true, server.port=0}', contextCustomizers = set[org.springframework.boot.test.autoconfigure.properties.PropertyMappingContextCustomizer@0, org.springframework.boot.test.autoconfigure.web.servlet.WebDriverContextCustomizerFactory$Customizer@31dab388, org.springframework.boot.test.context.filter.ExcludeFilterContextCustomizer@7c6b7373, org.springframework.boot.test.json.DuplicateJsonObjectContextCustomizerFactory$DuplicateJsonObjectContextCustomizer@547dce59, org.springframework.boot.test.mock.mockito.MockitoContextCustomizer@0, org.springframework.boot.test.web.client.TestRestTemplateContextCustomizer@3508ce8e], resourceBasePath = 'src/main/webapp', contextLoader = 'org.springframework.boot.test.context.SpringBootContextLoader', parent = [null]], attributes = map['org.springframework.test.context.web.ServletTestExecutionListener.activateListener' -> false]]].
15:24:39.998 [Test worker] DEBUG org.springframework.test.context.support.TestPropertySourceUtils - Adding inlined properties to environment: {spring.jmx.enabled=false, org.springframework.boot.test.context.SpringBootTestContextBootstrapper=true, server.port=0}

  .   ____          _            __ _ _
 /\\ / ___'_ __ _ _(_)_ __  __ _ \ \ \ \
( ( )\___ | '_ | '_| | '_ \/ _` | \ \ \ \
 \\/  ___)| |_)| | | | | || (_| |  ) ) ) )
  '  |____| .__|_| |_|_| |_\__, | / / / /
 =========|_|==============|___/=/_/_/_/
 :: Spring Boot ::        (v2.1.7.RELEASE)

2021-07-14 15:24:40.344  INFO 16320 --- [    Test worker] c.q.b.s.web.PostsApiControllerTest       : Starting PostsApiControllerTest on LAPTOP-47SLC4J9 with PID 16320 (started by junse in C:\Users\junse\Desktop\스프링부트\springboot-web)
2021-07-14 15:24:40.345  INFO 16320 --- [    Test worker] c.q.b.s.web.PostsApiControllerTest       : No active profile set, falling back to default profiles: default
2021-07-14 15:24:41.450  INFO 16320 --- [    Test worker] .s.d.r.c.RepositoryConfigurationDelegate : Bootstrapping Spring Data repositories in DEFAULT mode.
2021-07-14 15:24:41.612  INFO 16320 --- [    Test worker] .s.d.r.c.RepositoryConfigurationDelegate : Finished Spring Data repository scanning in 148ms. Found 2 repository interfaces.
2021-07-14 15:24:42.441  INFO 16320 --- [    Test worker] trationDelegate$BeanPostProcessorChecker : Bean 'org.springframework.transaction.annotation.ProxyTransactionManagementConfiguration' of type [org.springframework.transaction.annotation.ProxyTransactionManagementConfiguration$$EnhancerBySpringCGLIB$$8375bcf4] is not eligible for getting processed by all BeanPostProcessors (for example: not eligible for auto-proxying)
2021-07-14 15:24:42.965  INFO 16320 --- [    Test worker] o.s.b.w.embedded.tomcat.TomcatWebServer  : Tomcat initialized with port(s): 0 (http)
2021-07-14 15:24:43.010  INFO 16320 --- [    Test worker] o.apache.catalina.core.StandardService   : Starting service [Tomcat]
2021-07-14 15:24:43.011  INFO 16320 --- [    Test worker] org.apache.catalina.core.StandardEngine  : Starting Servlet engine: [Apache Tomcat/9.0.22]
2021-07-14 15:24:43.234  INFO 16320 --- [    Test worker] o.a.c.c.C.[Tomcat].[localhost].[/]       : Initializing Spring embedded WebApplicationContext
2021-07-14 15:24:43.235  INFO 16320 --- [    Test worker] o.s.web.context.ContextLoader            : Root WebApplicationContext: initialization completed in 2864 ms
2021-07-14 15:24:43.570  INFO 16320 --- [    Test worker] com.zaxxer.hikari.HikariDataSource       : HikariPool-1 - Starting...
2021-07-14 15:24:43.806  INFO 16320 --- [    Test worker] com.zaxxer.hikari.HikariDataSource       : HikariPool-1 - Start completed.
2021-07-14 15:24:43.941  INFO 16320 --- [    Test worker] o.hibernate.jpa.internal.util.LogHelper  : HHH000204: Processing PersistenceUnitInfo [
	name: default
	...]
2021-07-14 15:24:44.055  INFO 16320 --- [    Test worker] org.hibernate.Version                    : HHH000412: Hibernate Core {5.3.10.Final}
2021-07-14 15:24:44.058  INFO 16320 --- [    Test worker] org.hibernate.cfg.Environment            : HHH000206: hibernate.properties not found
2021-07-14 15:24:44.338  INFO 16320 --- [    Test worker] o.hibernate.annotations.common.Version   : HCANN000001: Hibernate Commons Annotations {5.0.4.Final}
2021-07-14 15:24:44.568  INFO 16320 --- [    Test worker] org.hibernate.dialect.Dialect            : HHH000400: Using dialect: org.hibernate.dialect.MySQL5InnoDBDialect
Hibernate: drop table if exists posts
Hibernate: drop table if exists user
Hibernate: create table posts (id bigint not null auto_increment, created_date datetime, modified_date datetime, author varchar(255), content TEXT not null, title varchar(500) not null, primary key (id)) engine=InnoDB
Hibernate: create table user (id bigint not null auto_increment, created_date datetime, modified_date datetime, email varchar(255) not null, name varchar(255) not null, picture varchar(255), role varchar(255) not null, primary key (id)) engine=InnoDB
2021-07-14 15:24:45.534  INFO 16320 --- [    Test worker] o.h.t.schema.internal.SchemaCreatorImpl  : HHH000476: Executing import script 'org.hibernate.tool.schema.internal.exec.ScriptSourceInputNonExistentImpl@17337eb9'
2021-07-14 15:24:45.538  INFO 16320 --- [    Test worker] j.LocalContainerEntityManagerFactoryBean : Initialized JPA EntityManagerFactory for persistence unit 'default'
2021-07-14 15:24:46.374  INFO 16320 --- [    Test worker] o.h.h.i.QueryTranslatorFactoryInitiator  : HHH000397: Using ASTQueryTranslatorFactory
2021-07-14 15:24:46.937  INFO 16320 --- [    Test worker] o.s.s.web.DefaultSecurityFilterChain     : Creating filter chain: any request, [org.springframework.security.web.context.request.async.WebAsyncManagerIntegrationFilter@55d56c23, org.springframework.security.web.context.SecurityContextPersistenceFilter@3f24f33a, org.springframework.security.web.header.HeaderWriterFilter@1f31aa8c, org.springframework.security.web.authentication.logout.LogoutFilter@227e2c68, org.springframework.security.oauth2.client.web.OAuth2AuthorizationRequestRedirectFilter@25324d58, org.springframework.security.oauth2.client.web.OAuth2LoginAuthenticationFilter@75581b43, org.springframework.security.web.authentication.ui.DefaultLoginPageGeneratingFilter@5e400005, org.springframework.security.web.authentication.ui.DefaultLogoutPageGeneratingFilter@3c3b41c7, org.springframework.security.web.savedrequest.RequestCacheAwareFilter@4f8b289c, org.springframework.security.web.servletapi.SecurityContextHolderAwareRequestFilter@643c8435, org.springframework.security.web.authentication.AnonymousAuthenticationFilter@6e423d2e, org.springframework.security.web.session.SessionManagementFilter@3e1cdaff, org.springframework.security.web.access.ExceptionTranslationFilter@14a77f3c, org.springframework.security.web.access.intercept.FilterSecurityInterceptor@119eb65c]
2021-07-14 15:24:47.409  INFO 16320 --- [    Test worker] o.s.s.concurrent.ThreadPoolTaskExecutor  : Initializing ExecutorService 'applicationTaskExecutor'
2021-07-14 15:24:47.494  WARN 16320 --- [    Test worker] aWebConfiguration$JpaWebMvcConfiguration : spring.jpa.open-in-view is enabled by default. Therefore, database queries may be performed during view rendering. Explicitly configure spring.jpa.open-in-view to disable this warning
2021-07-14 15:24:47.575  INFO 16320 --- [    Test worker] o.s.b.a.w.s.WelcomePageHandlerMapping    : Adding welcome page template: index
2021-07-14 15:24:48.063  INFO 16320 --- [    Test worker] s.a.ScheduledAnnotationBeanPostProcessor : No TaskScheduler/ScheduledExecutorService bean found for scheduled processing
2021-07-14 15:24:48.100  INFO 16320 --- [    Test worker] o.s.b.w.embedded.tomcat.TomcatWebServer  : Tomcat started on port(s): 6928 (http) with context path ''
2021-07-14 15:24:48.105  INFO 16320 --- [    Test worker] c.q.b.s.web.PostsApiControllerTest       : Started PostsApiControllerTest in 8.103 seconds (JVM running for 9.64)
2021-07-14 15:24:48.302  INFO 16320 --- [    Test worker] o.a.c.c.C.[Tomcat].[localhost].[/]       : Initializing Spring TestDispatcherServlet ''
2021-07-14 15:24:48.302  INFO 16320 --- [    Test worker] o.s.t.web.servlet.TestDispatcherServlet  : Initializing Servlet ''
2021-07-14 15:24:48.323  INFO 16320 --- [    Test worker] o.s.t.web.servlet.TestDispatcherServlet  : Completed initialization in 21 ms
Hibernate: insert into posts (created_date, modified_date, author, content, title) values (?, ?, ?, ?, ?)
Hibernate: select posts0_.id as id1_0_, posts0_.created_date as created_2_0_, posts0_.modified_date as modified3_0_, posts0_.author as author4_0_, posts0_.content as content5_0_, posts0_.title as title6_0_ from posts posts0_
Hibernate: select posts0_.id as id1_0_, posts0_.created_date as created_2_0_, posts0_.modified_date as modified3_0_, posts0_.author as author4_0_, posts0_.content as content5_0_, posts0_.title as title6_0_ from posts posts0_
Hibernate: delete from posts where id=?
2021-07-14 15:24:48.802  INFO 16320 --- [    Test worker] o.a.c.c.C.[Tomcat].[localhost].[/]       : Initializing Spring TestDispatcherServlet ''
2021-07-14 15:24:48.802  INFO 16320 --- [    Test worker] o.s.t.web.servlet.TestDispatcherServlet  : Initializing Servlet ''
2021-07-14 15:24:48.806  INFO 16320 --- [    Test worker] o.s.t.web.servlet.TestDispatcherServlet  : Completed initialization in 4 ms
Hibernate: insert into posts (created_date, modified_date, author, content, title) values (?, ?, ?, ?, ?)
Hibernate: select posts0_.id as id1_0_0_, posts0_.created_date as created_2_0_0_, posts0_.modified_date as modified3_0_0_, posts0_.author as author4_0_0_, posts0_.content as content5_0_0_, posts0_.title as title6_0_0_ from posts posts0_ where posts0_.id=?
Hibernate: update posts set created_date=?, modified_date=?, author=?, content=?, title=? where id=?
Hibernate: select posts0_.id as id1_0_, posts0_.created_date as created_2_0_, posts0_.modified_date as modified3_0_, posts0_.author as author4_0_, posts0_.content as content5_0_, posts0_.title as title6_0_ from posts posts0_
Hibernate: select posts0_.id as id1_0_, posts0_.created_date as created_2_0_, posts0_.modified_date as modified3_0_, posts0_.author as author4_0_, posts0_.content as content5_0_, posts0_.title as title6_0_ from posts posts0_
Hibernate: delete from posts where id=?
]]></system-out>
  <system-err><![CDATA[]]></system-err>
</testsuite>
